<testsuites id="" name="" tests="5" failures="0" skipped="4" errors="0" time="31.921667999999997">
<testsuite name="dealer-ui.spec.ts" timestamp="2026-01-21T23:20:33.838Z" hostname="chromium" tests="3" failures="0" skipped="2" time="8.262" errors="0">
<testcase name="login page is reachable" classname="dealer-ui.spec.ts" time="8.03">
</testcase>
<testcase name="dealer flow › search, add to cart, and checkout" classname="dealer-ui.spec.ts" time="0.12">
<properties>
<property name="skip" value="Set DEALER_EMAIL and DEALER_PASSWORD to run dealer e2e tests.">
</property>
</properties>
<skipped>
</skipped>
</testcase>
<testcase name="dealer flow › dashboard navigation links resolve" classname="dealer-ui.spec.ts" time="0.112">
<properties>
<property name="skip" value="Set DEALER_EMAIL and DEALER_PASSWORD to run dealer e2e tests.">
</property>
</properties>
<skipped>
</skipped>
</testcase>
</testsuite>
<testsuite name="e2e\dealer.spec.ts" timestamp="2026-01-21T23:20:33.838Z" hostname="chromium" tests="2" failures="0" skipped="2" time="0.708" errors="0">
<testcase name="dealer ui contract › navigation links resolve" classname="e2e\dealer.spec.ts" time="0.523">
<properties>
<property name="skip" value="Set DEALER_EMAIL and DEALER_PASSWORD to run dealer e2e tests.">
</property>
</properties>
<skipped>
</skipped>
</testcase>
<testcase name="dealer ui contract › orders empty state renders when no orders exist" classname="e2e\dealer.spec.ts" time="0.185">
<properties>
<property name="skip" value="Set DEALER_EMAIL and DEALER_PASSWORD to run dealer e2e tests.">
</property>
</properties>
<skipped>
</skipped>
</testcase>
</testsuite>
</testsuites>